[INFO] Scanning for projects...
[INFO] 
[INFO] -----------------< com.smartmeeting:smartmeeting-api >------------------
[INFO] Building smartmeeting-api 0.0.1-SNAPSHOT
[INFO]   from pom.xml
[INFO] --------------------------------[ jar ]---------------------------------
[INFO] 
[INFO] --- clean:3.3.2:clean (default-clean) @ smartmeeting-api ---
[INFO] Deleting C:\Users\mniac\Desktop\Smart\smartmeeting-api\backend\target
[INFO] 
[INFO] --- resources:3.3.1:resources (default-resources) @ smartmeeting-api ---
[INFO] Copying 2 resources from src\main\resources to target\classes
[INFO] Copying 1 resource from src\main\resources to target\classes
[INFO] 
[INFO] --- compiler:3.11.0:compile (default-compile) @ smartmeeting-api ---
[INFO] Changes detected - recompiling the module! :source
[INFO] Compiling 198 source files with javac [debug release 17] to target\classes
[INFO] -------------------------------------------------------------
[ERROR] COMPILATION ERROR : 
[INFO] -------------------------------------------------------------
[ERROR] /C:/Users/mniac/Desktop/Smart/smartmeeting-api/backend/src/main/java/com/smartmeeting/service/tarefa/TarefaComentarioService.java:[28,12] invalid method declaration; return type required
[ERROR] /C:/Users/mniac/Desktop/Smart/smartmeeting-api/backend/src/main/java/com/smartmeeting/service/tarefa/TarefaNotificacaoService.java:[18,12] invalid method declaration; return type required
[ERROR] /C:/Users/mniac/Desktop/Smart/smartmeeting-api/backend/src/main/java/com/smartmeeting/service/tarefa/TarefaTemplateService.java:[16,12] invalid method declaration; return type required
[ERROR] /C:/Users/mniac/Desktop/Smart/smartmeeting-api/backend/src/main/java/com/smartmeeting/service/tarefa/TarefaAnexoService.java:[24,12] invalid method declaration; return type required
[INFO] 4 errors 
[INFO] -------------------------------------------------------------
[INFO] ------------------------------------------------------------------------
[INFO] BUILD FAILURE
[INFO] ------------------------------------------------------------------------
[INFO] Total time:  6.553 s
[INFO] Finished at: 2025-12-13T15:49:38-03:00
[INFO] ------------------------------------------------------------------------
[ERROR] Failed to execute goal org.apache.maven.plugins:maven-compiler-plugin:3.11.0:compile (default-compile) on project smartmeeting-api: Compilation failure: Compilation failure: 
[ERROR] /C:/Users/mniac/Desktop/Smart/smartmeeting-api/backend/src/main/java/com/smartmeeting/service/tarefa/TarefaComentarioService.java:[28,12] invalid method declaration; return type required
[ERROR] /C:/Users/mniac/Desktop/Smart/smartmeeting-api/backend/src/main/java/com/smartmeeting/service/tarefa/TarefaNotificacaoService.java:[18,12] invalid method declaration; return type required
[ERROR] /C:/Users/mniac/Desktop/Smart/smartmeeting-api/backend/src/main/java/com/smartmeeting/service/tarefa/TarefaTemplateService.java:[16,12] invalid method declaration; return type required
[ERROR] /C:/Users/mniac/Desktop/Smart/smartmeeting-api/backend/src/main/java/com/smartmeeting/service/tarefa/TarefaAnexoService.java:[24,12] invalid method declaration; return type required
[ERROR] -> [Help 1]
[ERROR] 
[ERROR] To see the full stack trace of the errors, re-run Maven with the -e switch.
[ERROR] Re-run Maven using the -X switch to enable full debug logging.
[ERROR] 
[ERROR] For more information about the errors and possible solutions, please read the following articles:
[ERROR] [Help 1] http://cwiki.apache.org/confluence/display/MAVEN/MojoFailureException
