[INFO] Scanning for projects...
[INFO] 
[INFO] -----------------< com.smartmeeting:smartmeeting-api >------------------
[INFO] Building smartmeeting-api 0.0.1-SNAPSHOT
[INFO]   from pom.xml
[INFO] --------------------------------[ jar ]---------------------------------
[INFO] 
[INFO] --- clean:3.3.2:clean (default-clean) @ smartmeeting-api ---
[INFO] Deleting C:\Users\mniac\Desktop\Smart\smartmeeting-api\backend\target
[INFO] 
[INFO] --- resources:3.3.1:resources (default-resources) @ smartmeeting-api ---
[INFO] Copying 2 resources from src\main\resources to target\classes
[INFO] Copying 1 resource from src\main\resources to target\classes
[INFO] 
[INFO] --- compiler:3.11.0:compile (default-compile) @ smartmeeting-api ---
[INFO] Changes detected - recompiling the module! :source
[INFO] Compiling 198 source files with javac [debug release 17] to target\classes
[INFO] ------------------------------------------------------------------------
[INFO] BUILD SUCCESS
[INFO] ------------------------------------------------------------------------
[INFO] Total time:  44.331 s
[INFO] Finished at: 2025-12-13T16:14:20-03:00
[INFO] ------------------------------------------------------------------------
